<?xml version="1.0" encoding="UTF-8"?><testsuite errors="1" failures="0" name="Compra de productos en Almacen Exito" skipped="0" tests="1" time="31.62" timestamp="2023-03-30 04:03:49"><testcase name="Compra de el producto mas barato"><error message="element click intercepted: Element &lt;input class=&quot;vtex-styleguide-9-x-input ma0 border-box vtex-styleguide-9-x-hideDecorators vtex-styleguide-9-x-noAppearance br2  br-0 br--left  w-100 bn outline-0 bg-base c-on-base b--muted-4 hover-b--muted-3 t-body pl5 &quot; autocomplete=&quot;off&quot; placeholder=&quot;Buscar en exito.com&quot; type=&quot;text&quot; id=&quot;downshift-0-input&quot; value=&quot;&quot;&gt; is not clickable at point (830, 71). Other element would receive the click: &lt;div role=&quot;presentation&quot; class=&quot;undefined bg-base--inverted o-50 h-100&quot;&gt;&lt;/div&gt;&#10;  (Session info: chrome=111.0.5563.147)&#10;Build info: version: '3.141.59', revision: 'e82be7d358', time: '2018-11-14T08:17:03'&#10;System info: host: 'JUANDAVIDPC', ip: '192.168.0.21', os.name: 'Windows 10', os.arch: 'amd64', os.version: '10.0', java.version: '11.0.18'&#10;Driver info: org.openqa.selenium.chrome.ChromeDriver&#10;Capabilities {acceptInsecureCerts: false, browserName: chrome, browserVersion: 111.0.5563.147, chrome: {chromedriverVersion: 111.0.5563.64 (c710e93d5b63..., userDataDir: C:\Users\juand\AppData\Loca...}, goog:chromeOptions: {debuggerAddress: localhost:52852}, javascriptEnabled: true, networkConnectionEnabled: false, pageLoadStrategy: normal, platform: WINDOWS, platformName: WINDOWS, proxy: Proxy(), setWindowRect: true, strictFileInteractability: false, timeouts: {implicit: 0, pageLoad: 300000, script: 30000}, unhandledPromptBehavior: ignore, webauthn:extension:credBlob: true, webauthn:extension:largeBlob: true, webauthn:extension:minPinLength: true, webauthn:extension:prf: true, webauthn:virtualAuthenticators: true}&#10;Session ID: 6e99e5c90858f294b87ec48684262804" type="org.openqa.selenium.ElementClickInterceptedException">element click intercepted: Element &lt;input class="vtex-styleguide-9-x-input ma0 border-box vtex-styleguide-9-x-hideDecorators vtex-styleguide-9-x-noAppearance br2  br-0 br--left  w-100 bn outline-0 bg-base c-on-base b--muted-4 hover-b--muted-3 t-body pl5 " autocomplete="off" placeholder="Buscar en exito.com" type="text" id="downshift-0-input" value=""&gt; is not clickable at point (830, 71). Other element would receive the click: &lt;div role="presentation" class="undefined bg-base--inverted o-50 h-100"&gt;&lt;/div&gt;
  (Session info: chrome=111.0.5563.147)
Build info: version: '3.141.59', revision: 'e82be7d358', time: '2018-11-14T08:17:03'
System info: host: 'JUANDAVIDPC', ip: '192.168.0.21', os.name: 'Windows 10', os.arch: 'amd64', os.version: '10.0', java.version: '11.0.18'
Driver info: org.openqa.selenium.chrome.ChromeDriver
Capabilities {acceptInsecureCerts: false, browserName: chrome, browserVersion: 111.0.5563.147, chrome: {chromedriverVersion: 111.0.5563.64 (c710e93d5b63..., userDataDir: C:\Users\juand\AppData\Loca...}, goog:chromeOptions: {debuggerAddress: localhost:52852}, javascriptEnabled: true, networkConnectionEnabled: false, pageLoadStrategy: normal, platform: WINDOWS, platformName: WINDOWS, proxy: Proxy(), setWindowRect: true, strictFileInteractability: false, timeouts: {implicit: 0, pageLoad: 300000, script: 30000}, unhandledPromptBehavior: ignore, webauthn:extension:credBlob: true, webauthn:extension:largeBlob: true, webauthn:extension:minPinLength: true, webauthn:extension:prf: true, webauthn:virtualAuthenticators: true}
Session ID: 6e99e5c90858f294b87ec48684262804</error><system-err>element click intercepted: Element &lt;input class="vtex-styleguide-9-x-input ma0 border-box vtex-styleguide-9-x-hideDecorators vtex-styleguide-9-x-noAppearance br2  br-0 br--left  w-100 bn outline-0 bg-base c-on-base b--muted-4 hover-b--muted-3 t-body pl5 " autocomplete="off" placeholder="Buscar en exito.com" type="text" id="downshift-0-input" value=""&gt; is not clickable at point (830, 71). Other element would receive the click: &lt;div role="presentation" class="undefined bg-base--inverted o-50 h-100"&gt;&lt;/div&gt;
  (Session info: chrome=111.0.5563.147)
Build info: version: '3.141.59', revision: 'e82be7d358', time: '2018-11-14T08:17:03'
System info: host: 'JUANDAVIDPC', ip: '192.168.0.21', os.name: 'Windows 10', os.arch: 'amd64', os.version: '10.0', java.version: '11.0.18'
Driver info: org.openqa.selenium.chrome.ChromeDriver
Capabilities {acceptInsecureCerts: false, browserName: chrome, browserVersion: 111.0.5563.147, chrome: {chromedriverVersion: 111.0.5563.64 (c710e93d5b63..., userDataDir: C:\Users\juand\AppData\Loca...}, goog:chromeOptions: {debuggerAddress: localhost:52852}, javascriptEnabled: true, networkConnectionEnabled: false, pageLoadStrategy: normal, platform: WINDOWS, platformName: WINDOWS, proxy: Proxy(), setWindowRect: true, strictFileInteractability: false, timeouts: {implicit: 0, pageLoad: 300000, script: 30000}, unhandledPromptBehavior: ignore, webauthn:extension:credBlob: true, webauthn:extension:largeBlob: true, webauthn:extension:minPinLength: true, webauthn:extension:prf: true, webauthn:virtualAuthenticators: true}
Session ID: 6e99e5c90858f294b87ec48684262804&#13;
com.sofkau.tasks.RealizarBusqueda.performAs(RealizarBusqueda.java:23)&#13;
com.sofkau.stepdefinitions.FlujoCompraStepDefinitions.heAgregadoElProductoQueQuieroComprar(FlujoCompraStepDefinitions.java:61)&#13;
io.cucumber.java.Invoker.invoke(Invoker.java:27)&#13;
io.cucumber.java.JavaStepDefinition.execute(JavaStepDefinition.java:27)&#13;
io.cucumber.core.runner.PickleStepDefinitionMatch.runStep(PickleStepDefinitionMatch.java:63)&#13;
io.cucumber.core.runner.TestStep.executeStep(TestStep.java:64)&#13;
io.cucumber.core.runner.TestStep.run(TestStep.java:49)&#13;
io.cucumber.core.runner.PickleStepTestStep.run(PickleStepTestStep.java:46)&#13;
io.cucumber.core.runner.TestCase.run(TestCase.java:51)&#13;
io.cucumber.core.runner.Runner.runPickle(Runner.java:67)&#13;
io.cucumber.junit.FeatureRunner.runChild(FeatureRunner.java:83)&#13;
io.cucumber.junit.FeatureRunner.runChild(FeatureRunner.java:24)&#13;
io.cucumber.junit.CucumberSerenityRunner.runChild(CucumberSerenityRunner.java:227)&#13;
io.cucumber.junit.CucumberSerenityRunner.runChild(CucumberSerenityRunner.java:54)&#13;
worker.org.gradle.process.internal.worker.GradleWorkerMain.run(GradleWorkerMain.java:69)&#13;
worker.org.gradle.process.internal.worker.GradleWorkerMain.main(GradleWorkerMain.java:74)&#13;
</system-err></testcase></testsuite>